[INFO] Start server at: ipc:///tmp/graphlab_server-17036 - Server binary: /home/rlouie/anaconda/envs/dato-env/lib/python2.7/site-packages/graphlab/unity_server - Server log: /tmp/graphlab_server_1439369664.log
[INFO] GraphLab Server Version: 1.5.2
PROGRESS: Finished parsing file /home/rlouie/repos/dato-native/processed_data/chunk0.json
PROGRESS: Parsing completed. Parsed 100 lines in 0.401407 secs.
------------------------------------------------------
Inferred types from first line of file as 
column_type_hints=[dict]
If parsing fails due to incorrect types, you can correct
the inferred type list above and pass it to read_csv in
the column_type_hints argument
------------------------------------------------------
PROGRESS: Read 2213 lines. Lines per second: 1708.11
PROGRESS: Read 14375 lines. Lines per second: 2025.09
PROGRESS: Read 25831 lines. Lines per second: 2119.22
PROGRESS: Read 36143 lines. Lines per second: 2099.92
PROGRESS: Read 48294 lines. Lines per second: 2119.7
PROGRESS: Read 62739 lines. Lines per second: 2257.99
PROGRESS: Finished parsing file /home/rlouie/repos/dato-native/processed_data/chunk0.json
PROGRESS: Parsing completed. Parsed 67507 lines in 28.757 secs.
PROGRESS: Finished parsing file /home/rlouie/repos/dato-native/data/train.csv
PROGRESS: Parsing completed. Parsed 100 lines in 0.11499 secs.
------------------------------------------------------
Inferred types from first line of file as 
column_type_hints=[str,int]
If parsing fails due to incorrect types, you can correct
the inferred type list above and pass it to read_csv in
the column_type_hints argument
------------------------------------------------------
PROGRESS: Finished parsing file /home/rlouie/repos/dato-native/data/train.csv
PROGRESS: Parsing completed. Parsed 101107 lines in 0.077832 secs.
PROGRESS: Finished parsing file /home/rlouie/repos/dato-native/data/sampleSubmission.csv
PROGRESS: Parsing completed. Parsed 100 lines in 0.185855 secs.
------------------------------------------------------
Inferred types from first line of file as 
column_type_hints=[str,int]
If parsing fails due to incorrect types, you can correct
the inferred type list above and pass it to read_csv in
the column_type_hints argument
------------------------------------------------------
PROGRESS: Finished parsing file /home/rlouie/repos/dato-native/data/sampleSubmission.csv
PROGRESS: Parsing completed. Parsed 235917 lines in 0.120956 secs.
PROGRESS: Creating a validation set from 5 percent of training data. This may take a while.
          You can set ``validation_set=None`` to disable validation tracking.

PROGRESS: Logistic regression:
PROGRESS: --------------------------------------------------------
PROGRESS: Number of examples          : 19233
PROGRESS: Number of classes           : 2
PROGRESS: Number of feature columns   : 2
PROGRESS: Number of unpacked features : 534422
PROGRESS: Number of coefficients    : 534423
PROGRESS: Starting L-BFGS
PROGRESS: --------------------------------------------------------
PROGRESS: +-----------+----------+-----------+--------------+-------------------+---------------------+
PROGRESS: | Iteration | Passes   | Step size | Elapsed Time | Training-accuracy | Validation-accuracy |
PROGRESS: +-----------+----------+-----------+--------------+-------------------+---------------------+
PROGRESS: | 1         | 3        | 0.000052  | 1.835729     | 0.810326          | 0.623506            |
PROGRESS: | 2         | 5        | 1.000000  | 2.587049     | 0.987209          | 0.911355            |
PROGRESS: | 3         | 6        | 1.000000  | 3.073601     | 0.989601          | 0.921315            |
PROGRESS: | 4         | 7        | 1.000000  | 3.571943     | 0.991369          | 0.926295            |
PROGRESS: | 5         | 8        | 1.000000  | 4.069394     | 0.992097          | 0.926295            |
PROGRESS: | 6         | 9        | 1.000000  | 4.579527     | 0.991993          | 0.928287            |
PROGRESS: | 10        | 13       | 1.000000  | 6.582834     | 0.992357          | 0.926295            |
PROGRESS: +-----------+----------+-----------+--------------+-------------------+---------------------+
[INFO] Stopping the server connection.

